<?xml version="1.0" encoding="UTF-8"?>
<testng-results total="1" passed="1" failed="0" skipped="0">
  <reporter-output>
  </reporter-output>
  <suite started-at="2020-11-09T14:13:11Z" name="Default suite" finished-at="2020-11-09T14:13:25Z" duration-ms="13791">
    <groups>
    </groups>
    <test started-at="2020-11-09T14:13:11Z" name="Default test" finished-at="2020-11-09T14:13:25Z" duration-ms="13791">
      <class name="facebookSignUpAutomation.FbSignUp">
        <test-method is-config="true" signature="initializeWbebEnvironment()[pri:0, instance:facebookSignUpAutomation.FbSignUp@6fdbe764]" started-at="2020-11-09T19:43:11Z" name="initializeWbebEnvironment" finished-at="2020-11-09T19:43:23Z" duration-ms="11416" status="PASS">
          <reporter-output>
          </reporter-output>
        </test-method> <!-- initializeWbebEnvironment -->
        <test-method signature="registrationFcebook()[pri:0, instance:facebookSignUpAutomation.FbSignUp@6fdbe764]" started-at="2020-11-09T19:43:23Z" name="registrationFcebook" finished-at="2020-11-09T19:43:25Z" duration-ms="2340" status="PASS">
          <reporter-output>
          </reporter-output>
        </test-method> <!-- registrationFcebook -->
      </class> <!-- facebookSignUpAutomation.FbSignUp -->
    </test> <!-- Default test -->
  </suite> <!-- Default suite -->
</testng-results>
