<?xml version="1.0" encoding="UTF-8"?>
<testng-results total="1" passed="1" failed="0" skipped="0">
  <reporter-output>
  </reporter-output>
  <suite started-at="2020-11-06T14:57:38Z" name="Default suite" finished-at="2020-11-06T14:58:11Z" duration-ms="32825">
    <groups>
    </groups>
    <test started-at="2020-11-06T14:57:38Z" name="Default test" finished-at="2020-11-06T14:58:11Z" duration-ms="32825">
      <class name="facebookSignUpAutomation.FbSignUp">
        <test-method is-config="true" signature="initializeWbebEnvironment()[pri:0, instance:facebookSignUpAutomation.FbSignUp@6340e5f0]" started-at="2020-11-06T20:27:38Z" name="initializeWbebEnvironment" finished-at="2020-11-06T20:28:09Z" duration-ms="31161" status="PASS">
          <reporter-output>
          </reporter-output>
        </test-method> <!-- initializeWbebEnvironment -->
        <test-method signature="registrationFcebook()[pri:0, instance:facebookSignUpAutomation.FbSignUp@6340e5f0]" started-at="2020-11-06T20:28:09Z" name="registrationFcebook" finished-at="2020-11-06T20:28:11Z" duration-ms="1641" status="PASS">
          <reporter-output>
          </reporter-output>
        </test-method> <!-- registrationFcebook -->
      </class> <!-- facebookSignUpAutomation.FbSignUp -->
    </test> <!-- Default test -->
  </suite> <!-- Default suite -->
</testng-results>
